*************************************************
*                                               *
*          !!!!! HAVE A GREAT DAY !!!!!         *
*                                               *
*************************************************
THIS DEVICE IS PART OF A PRIVATE NETWORK
*************************************************
* Unauthorised access or use of this equipment  *
* is prohibited and constitutes an offence under*
* the Computer Misuse Act 1990.                 *
* This system is being monitored and logs will  *
* be used as evidence in court.                 *
* If you are not authorised to use this system, *
* Terminate this session now!                   *
*************************************************
User amishra11 logged in to AMS-EDG-IN-FW02
Logins over the last 91 days: 845.  Last login: 20:52:45 UTC May 30 2025 from 10.100.134.40
Failed logins since the last login: 0.  Last failed login: 02:07:58 UTC May 22 2025 from 10.100.134.40
Type help or '?' for a list of available commands.
AMS-EDG-IN-FW02/pri/act> 
AMS-EDG-IN-FW02/pri/act> show curpriv
Username : amishra11
Current privilege level : 1
Current Mode/s : P_UNPR
AMS-EDG-IN-FW02/pri/act> 
AMS-EDG-IN-FW02/pri/act> 
AMS-EDG-IN-FW02/pri/act> enable
Password: **********
AMS-EDG-IN-FW02/pri/act# terminal pager 0
AMS-EDG-IN-FW02/pri/act# 
AMS-EDG-IN-FW02/pri/act# configure terminal
AMS-EDG-IN-FW02/pri/act(config)# 
AMS-EDG-IN-FW02/pri/act(config)# terminal width 511
AMS-EDG-IN-FW02/pri/act(config)# 
AMS-EDG-IN-FW02/pri/act(config)# end
AMS-EDG-IN-FW02/pri/act# 
AMS-EDG-IN-FW02/pri/act# 
AMS-EDG-IN-FW02/pri/act# 
AMS-EDG-IN-FW02/pri/act# packet-tracer input low_sec_nonlb_prod tcp 10.99.211.50 12345 10.99.4.181 81

Phase: 1
Type: UN-NAT
Subtype: static
Result: ALLOW
Elapsed time: 43503 ns
Config:
object network obj-10.99.4.0-01
 nat (INSIDE,low_sec_nonlb_prod) static 10.99.4.0
Additional Information:
NAT divert to egress interface INSIDE
Untranslate 10.99.4.181/81 to 10.99.4.181/81

Phase: 2
Type: ACCESS-LIST
Subtype: log
Result: DROP
Elapsed time: 11657 ns
Config:
access-group low_sec_nonlb_prod-ACL in interface low_sec_nonlb_prod
access-list low_sec_nonlb_prod-ACL extended deny ip any any 
Additional Information:

Result:
input-interface: low_sec_nonlb_prod
input-status: up
input-line-status: up
output-interface: INSIDE
output-status: up
output-line-status: up
Action: drop
Time Taken: 55160 ns
Drop-reason: (acl-drop) Flow is denied by configured rule, Drop-location: frame 0x000000aaacf71a5c flow (NA)/NA

AMS-EDG-IN-FW02/pri/act# 
AMS-EDG-IN-FW02/pri/act# exit
