*************************************************
*                                               *
*          !!!!! HAVE A GREAT DAY !!!!!         *
*                                               *
*************************************************
THIS DEVICE IS PART OF A PRIVATE NETWORK
*************************************************
* Unauthorised access or use of this equipment  *
* is prohibited and constitutes an offence under*
* the Computer Misuse Act 1990.                 *
* This system is being monitored and logs will  *
* be used as evidence in court.                 *
* If you are not authorised to use this system, *
* Terminate this session now!                   *
*************************************************
User amishra11 logged in to BLR-LON-LAB-IT-FW
Logins over the last 54 days: 158.  Last login: 05:02:00 UTC Jun 20 2025 from 10.100.134.40
Failed logins since the last login: 0.  Last failed login: 07:56:35 UTC Jun 9 2025 from 10.100.134.40
Type help or '?' for a list of available commands.
BLR-LON-LAB-IT-FW> 
BLR-LON-LAB-IT-FW> show curpriv
Username : amishra11
Current privilege level : 1
Current Mode/s : P_UNPR
BLR-LON-LAB-IT-FW> 
BLR-LON-LAB-IT-FW> 
BLR-LON-LAB-IT-FW> enable
Password: **********
BLR-LON-LAB-IT-FW# terminal pager 0
BLR-LON-LAB-IT-FW# 
BLR-LON-LAB-IT-FW# configure terminal
BLR-LON-LAB-IT-FW(config)# 
BLR-LON-LAB-IT-FW(config)# terminal width 511
BLR-LON-LAB-IT-FW(config)# 
BLR-LON-LAB-IT-FW(config)# end
BLR-LON-LAB-IT-FW# 
BLR-LON-LAB-IT-FW# 
BLR-LON-LAB-IT-FW# 
BLR-LON-LAB-IT-FW# 
BLR-LON-LAB-IT-FW# 
BLR-LON-LAB-IT-FW# 
BLR-LON-LAB-IT-FW# 
BLR-LON-LAB-IT-FW# packet-tracer input outside tcp 10.91.228.40 12345 10.99.2.53 25

Phase: 1
Type: ACCESS-LIST
Subtype: 
Result: ALLOW
Elapsed time: 28149 ns
Config:
Implicit Rule
Additional Information:
MAC Access list

Phase: 2
Type: INPUT-ROUTE-LOOKUP
Subtype: Resolve Egress Interface
Result: ALLOW
Elapsed time: 21325 ns
Config:
Additional Information:
Found next-hop 172.18.0.9 using egress ifc  EU-Reliance

Phase: 3
Type: ACCESS-LIST
Subtype: 
Result: DROP
Elapsed time: 10804 ns
Config:
Implicit Rule
Additional Information:

Result:
input-interface: outside
input-status: up
input-line-status: up
output-interface: EU-Reliance
output-status: up
output-line-status: up
Action: drop
Time Taken: 60278 ns
Drop-reason: (acl-drop) Flow is denied by configured rule, Drop-location: frame 0x000000aaada9fc90 flow (NA)/NA

BLR-LON-LAB-IT-FW# 
BLR-LON-LAB-IT-FW# exit
